Attempting login for: Admin
Login success! Role: ADMIN
Attempting login for: Aymene
Attempting login for: Aymene
Attempting login for: Aymene
Attempting login for: Hamid
Attempting login for: Hamid
Attempting login for: Hamid
Attempting login for: Aymene
Login success! Role: FAN
Attempting login for: Admin
Login success! Role: ADMIN
Attempting login for: Aymene
Login success! Role: FAN
Attempting login for: Aymene
Login success! Role: FAN
Attempting login for: Admin
Login success! Role: ADMIN
Attempting login for: Aymene
Login success! Role: FAN
Attempting login for: Aymene
Login success! Role: FAN
Attempting login for: Aymene
Login success! Role: FAN
Attempting login for: Admin
Login success! Role: ADMIN
Attempting login for: Aymene
Attempting login for: Rihab
Attempting login for: Hamid
Login success! Role: FAN
